Arguments: 
  C:\Program Files\nodejs\node.exe C:\Users\erixg\AppData\Roaming\npm\node_modules\yarn\bin\yarn.js run1

PATH: 
  C:\Program Files (x86)\Intel\iCLS Client\;C:\Program Files\Intel\iCLS Client\;C:\Windows\system32;C:\Windows;C:\Windows\System32\Wbem;C:\Windows\System32\WindowsPowerShell\v1.0\;C:\Program Files (x86)\Skype\Phone\;C:\Program Files (x86)\NVIDIA Corporation\PhysX\Common;C:\Program Files (x86)\Common Files\Acronis\SnapAPI\;C:\Program Files\Git\cmd;C:\Program Files (x86)\Intel\Intel(R) Management Engine Components\DAL;C:\Program Files\Intel\Intel(R) Management Engine Components\DAL;C:\Program Files (x86)\Intel\Intel(R) Management Engine Components\IPT;C:\Program Files\Intel\Intel(R) Management Engine Components\IPT;C:\WINDOWS\system32;C:\WINDOWS;C:\WINDOWS\System32\Wbem;C:\WINDOWS\System32\WindowsPowerShell\v1.0\;C:\WINDOWS\System32\OpenSSH\;C:\Program Files\nodejs\;C:\Users\erixg\AppData\Local\Microsoft\WindowsApps;C:\Users\erixg\AppData\Roaming\npm;C:\Users\erixg\AppData\Local\GitHubDesktop\bin

Yarn version: 
  1.5.1

Node version: 
  8.11.3

Platform: 
  win32 x64

npm manifest: 
  {
    "name": "phonebook",
    "version": "1.0.0",
    "description": "",
    "main": "index.js",
    "scripts": {
      "run1" : "webpack-web-server",
      "start": "webpack --mode production"
    },
    "author": "",
    "license": "ISC",
    "dependencies": {
      "react": "^16.5.2"
    },
    "devDependencies": {
      "webpack": "^4.20.2",
      "react-dom": "^16.5.2",
      "webpack-cli": "^3.1.2"
    }
  }

yarn manifest: 
  No manifest

Lockfile: 
  No lockfile

Trace: 
  Error: Command failed.
  Exit code: 1
  Command: C:\WINDOWS\system32\cmd.exe
  Arguments: /d /s /c webpack-web-server
  Directory: C:\Users\erixg\OneDrive\Desktop\phonebook
  Output:
  
      at ProcessTermError.MessageError (C:\Users\erixg\AppData\Roaming\npm\node_modules\yarn\lib\cli.js:186:110)
      at new ProcessTermError (C:\Users\erixg\AppData\Roaming\npm\node_modules\yarn\lib\cli.js:226:113)
      at ChildProcess.<anonymous> (C:\Users\erixg\AppData\Roaming\npm\node_modules\yarn\lib\cli.js:30281:17)
      at emitTwo (events.js:126:13)
      at ChildProcess.emit (events.js:214:7)
      at maybeClose (internal/child_process.js:925:16)
      at Process.ChildProcess._handle.onexit (internal/child_process.js:209:5)
